This is pdfTeX, Version 3.141592653-2.6-1.40.25 (TeX Live 2023) (preloaded format=pdflatex 2023.4.3)  14 DEC 2023 20:59
entering extended mode
 restricted \write18 enabled.
 file:line:error style messages enabled.
 %&-line parsing enabled.
**/Users/theelusivegerbilfish/LaTeX/170S/Final_Exam_Formula_Sheet.tex
(/Users/theelusivegerbilfish/LaTeX/170S/Final_Exam_Formula_Sheet.tex
LaTeX2e <2022-11-01> patch level 1
L3 programming layer <2023-02-22> (/usr/local/texlive/2023/texmf-dist/tex/latex/base/article.cls
Document Class: article 2022/07/02 v1.4n Standard LaTeX document class
(/usr/local/texlive/2023/texmf-dist/tex/latex/base/size10.clo
File: size10.clo 2022/07/02 v1.4n Standard LaTeX file (size option)
)
\c@part=\count185
\c@section=\count186
\c@subsection=\count187
\c@subsubsection=\count188
\c@paragraph=\count189
\c@subparagraph=\count190
\c@figure=\count191
\c@table=\count192
\abovecaptionskip=\skip48
\belowcaptionskip=\skip49
\bibindent=\dimen140
) (/usr/local/texlive/2023/texmf-dist/tex/latex/amsmath/amsmath.sty
Package: amsmath 2022/04/08 v2.17n AMS math features
\@mathmargin=\skip50

For additional information on amsmath, use the `?' option.
(/usr/local/texlive/2023/texmf-dist/tex/latex/amsmath/amstext.sty
Package: amstext 2021/08/26 v2.01 AMS text
 (/usr/local/texlive/2023/texmf-dist/tex/latex/amsmath/amsgen.sty
File: amsgen.sty 1999/11/30 v2.0 generic functions
\@emptytoks=\toks16
\ex@=\dimen141
)) (/usr/local/texlive/2023/texmf-dist/tex/latex/amsmath/amsbsy.sty
Package: amsbsy 1999/11/29 v1.2d Bold Symbols
\pmbraise@=\dimen142
) (/usr/local/texlive/2023/texmf-dist/tex/latex/amsmath/amsopn.sty
Package: amsopn 2022/04/08 v2.04 operator names
)
\inf@bad=\count193
LaTeX Info: Redefining \frac on input line 234.
\uproot@=\count194
\leftroot@=\count195
LaTeX Info: Redefining \overline on input line 399.
LaTeX Info: Redefining \colon on input line 410.
\classnum@=\count196
\DOTSCASE@=\count197
LaTeX Info: Redefining \ldots on input line 496.
LaTeX Info: Redefining \dots on input line 499.
LaTeX Info: Redefining \cdots on input line 620.
\Mathstrutbox@=\box51
\strutbox@=\box52
LaTeX Info: Redefining \big on input line 722.
LaTeX Info: Redefining \Big on input line 723.
LaTeX Info: Redefining \bigg on input line 724.
LaTeX Info: Redefining \Bigg on input line 725.
\big@size=\dimen143
LaTeX Font Info:    Redeclaring font encoding OML on input line 743.
LaTeX Font Info:    Redeclaring font encoding OMS on input line 744.
\macc@depth=\count198
LaTeX Info: Redefining \bmod on input line 905.
LaTeX Info: Redefining \pmod on input line 910.
LaTeX Info: Redefining \smash on input line 940.
LaTeX Info: Redefining \relbar on input line 970.
LaTeX Info: Redefining \Relbar on input line 971.
\c@MaxMatrixCols=\count199
\dotsspace@=\muskip16
\c@parentequation=\count266
\dspbrk@lvl=\count267
\tag@help=\toks17
\row@=\count268
\column@=\count269
\maxfields@=\count270
\andhelp@=\toks18
\eqnshift@=\dimen144
\alignsep@=\dimen145
\tagshift@=\dimen146
\tagwidth@=\dimen147
\totwidth@=\dimen148
\lineht@=\dimen149
\@envbody=\toks19
\multlinegap=\skip51
\multlinetaggap=\skip52
\mathdisplay@stack=\toks20
LaTeX Info: Redefining \[ on input line 2953.
LaTeX Info: Redefining \] on input line 2954.
) (/usr/local/texlive/2023/texmf-dist/tex/latex/amsfonts/amssymb.sty
Package: amssymb 2013/01/14 v3.01 AMS font symbols
 (/usr/local/texlive/2023/texmf-dist/tex/latex/amsfonts/amsfonts.sty
Package: amsfonts 2013/01/14 v3.01 Basic AMSFonts support
\symAMSa=\mathgroup4
\symAMSb=\mathgroup5
LaTeX Font Info:    Redeclaring math symbol \hbar on input line 98.
LaTeX Font Info:    Overwriting math alphabet `\mathfrak' in version `bold'
(Font)                  U/euf/m/n --> U/euf/b/n on input line 106.
)) (/usr/local/texlive/2023/texmf-dist/tex/latex/enumitem/enumitem.sty
Package: enumitem 2019/06/20 v3.9 Customized lists
\enitkv@toks@=\toks21
\labelindent=\skip53
\enit@outerparindent=\dimen150
\enit@toks=\toks22
\enit@inbox=\box53
\enit@count@id=\count271
\enitdp@description=\count272
) (/usr/local/texlive/2023/texmf-dist/tex/latex/graphics/graphicx.sty
Package: graphicx 2021/09/16 v1.2d Enhanced LaTeX Graphics (DPC,SPQR)
 (/usr/local/texlive/2023/texmf-dist/tex/latex/graphics/keyval.sty
Package: keyval 2022/05/29 v1.15 key=value parser (DPC)
\KV@toks@=\toks23
) (/usr/local/texlive/2023/texmf-dist/tex/latex/graphics/graphics.sty
Package: graphics 2022/03/10 v1.4e Standard LaTeX Graphics (DPC,SPQR)
 (/usr/local/texlive/2023/texmf-dist/tex/latex/graphics/trig.sty
Package: trig 2021/08/11 v1.11 sin cos tan (DPC)
) (/usr/local/texlive/2023/texmf-dist/tex/latex/graphics-cfg/graphics.cfg
File: graphics.cfg 2016/06/04 v1.11 sample graphics configuration
)
Package graphics Info: Driver file: pdftex.def on input line 107.
 (/usr/local/texlive/2023/texmf-dist/tex/latex/graphics-def/pdftex.def
File: pdftex.def 2022/09/22 v1.2b Graphics/color driver for pdftex
))
\Gin@req@height=\dimen151
\Gin@req@width=\dimen152
) (/usr/local/texlive/2023/texmf-dist/tex/latex/float/float.sty
Package: float 2001/11/08 v1.3d Float enhancements (AL)
\c@float@type=\count273
\float@exts=\toks24
\float@box=\box54
\@float@everytoks=\toks25
\@floatcapt=\box55
) (/usr/local/texlive/2023/texmf-dist/tex/latex/tools/multicol.sty
Package: multicol 2021/11/30 v1.9d multicolumn formatting (FMi)
\c@tracingmulticols=\count274
\mult@box=\box56
\multicol@leftmargin=\dimen153
\c@unbalance=\count275
\c@collectmore=\count276
\doublecol@number=\count277
\multicoltolerance=\count278
\multicolpretolerance=\count279
\full@width=\dimen154
\page@free=\dimen155
\premulticols=\dimen156
\postmulticols=\dimen157
\multicolsep=\skip54
\multicolbaselineskip=\skip55
\partial@page=\box57
\last@line=\box58
\maxbalancingoverflow=\dimen158
\mult@rightbox=\box59
\mult@grightbox=\box60
\mult@firstbox=\box61
\mult@gfirstbox=\box62
\@tempa=\box63
\@tempa=\box64
\@tempa=\box65
\@tempa=\box66
\@tempa=\box67
\@tempa=\box68
\@tempa=\box69
\@tempa=\box70
\@tempa=\box71
\@tempa=\box72
\@tempa=\box73
\@tempa=\box74
\@tempa=\box75
\@tempa=\box76
\@tempa=\box77
\@tempa=\box78
\@tempa=\box79
\@tempa=\box80
\@tempa=\box81
\@tempa=\box82
\@tempa=\box83
\@tempa=\box84
\@tempa=\box85
\@tempa=\box86
\@tempa=\box87
\@tempa=\box88
\@tempa=\box89
\@tempa=\box90
\@tempa=\box91
\@tempa=\box92
\@tempa=\box93
\@tempa=\box94
\@tempa=\box95
\@tempa=\box96
\@tempa=\box97
\@tempa=\box98
\c@minrows=\count280
\c@columnbadness=\count281
\c@finalcolumnbadness=\count282
\last@try=\dimen159
\multicolovershoot=\dimen160
\multicolundershoot=\dimen161
\mult@nat@firstbox=\box99
\colbreak@box=\box100
\mc@col@check@num=\count283
) (/usr/local/texlive/2023/texmf-dist/tex/latex/pdfpages/pdfpages.sty
Package: pdfpages 2022/12/19 v0.5x Insert pages of external PDF documents (AM)
 (/usr/local/texlive/2023/texmf-dist/tex/latex/base/ifthen.sty
Package: ifthen 2022/04/13 v1.1d Standard LaTeX ifthen package (DPC)
) (/usr/local/texlive/2023/texmf-dist/tex/latex/tools/calc.sty
Package: calc 2017/05/25 v4.3 Infix arithmetic (KKT,FJ)
\calc@Acount=\count284
\calc@Bcount=\count285
\calc@Adimen=\dimen162
\calc@Bdimen=\dimen163
\calc@Askip=\skip56
\calc@Bskip=\skip57
LaTeX Info: Redefining \setlength on input line 80.
LaTeX Info: Redefining \addtolength on input line 81.
\calc@Ccount=\count286
\calc@Cskip=\skip58
) (/usr/local/texlive/2023/texmf-dist/tex/latex/eso-pic/eso-pic.sty
Package: eso-pic 2020/10/14 v3.0a eso-pic (RN)
\ESO@tempdima=\dimen164
\ESO@tempdimb=\dimen165
 (/usr/local/texlive/2023/texmf-dist/tex/latex/xcolor/xcolor.sty
Package: xcolor 2022/06/12 v2.14 LaTeX color extensions (UK)
 (/usr/local/texlive/2023/texmf-dist/tex/latex/graphics-cfg/color.cfg
File: color.cfg 2016/01/02 v1.6 sample color configuration
)
Package xcolor Info: Driver file: pdftex.def on input line 227.
 (/usr/local/texlive/2023/texmf-dist/tex/latex/graphics/mathcolor.ltx)
Package xcolor Info: Model `cmy' substituted by `cmy0' on input line 1353.
Package xcolor Info: Model `hsb' substituted by `rgb' on input line 1357.
Package xcolor Info: Model `RGB' extended on input line 1369.
Package xcolor Info: Model `HTML' substituted by `rgb' on input line 1371.
Package xcolor Info: Model `Hsb' substituted by `hsb' on input line 1372.
Package xcolor Info: Model `tHsb' substituted by `hsb' on input line 1373.
Package xcolor Info: Model `HSB' substituted by `hsb' on input line 1374.
Package xcolor Info: Model `Gray' substituted by `gray' on input line 1375.
Package xcolor Info: Model `wave' substituted by `hsb' on input line 1376.
))
\AM@pagewidth=\dimen166
\AM@pageheight=\dimen167
\AM@fboxrule=\dimen168
 (/usr/local/texlive/2023/texmf-dist/tex/latex/pdfpages/pppdftex.def
File: pppdftex.def 2022/12/19 v0.5x Pdfpages driver for pdfTeX (AM)
)
\pdfpages@includegraphics@status=\count287
\AM@pagebox=\box101
\AM@global@opts=\toks26
\AM@pagecnt=\count288
\AM@toc@title=\toks27
\AM@lof@heading=\toks28
\c@AM@survey=\count289
\AM@templatesizebox=\box102
) (/usr/local/texlive/2023/texmf-dist/tex/latex/l3backend/l3backend-pdftex.def
File: l3backend-pdftex.def 2023-01-16 L3 backend support: PDF output (pdfTeX)
\l__color_backend_stack_int=\count290
\l__pdf_internal_box=\box103
) (./Final_Exam_Formula_Sheet.aux)
\openout1 = `Final_Exam_Formula_Sheet.aux'.

LaTeX Font Info:    Checking defaults for OML/cmm/m/it on input line 18.
LaTeX Font Info:    ... okay on input line 18.
LaTeX Font Info:    Checking defaults for OMS/cmsy/m/n on input line 18.
LaTeX Font Info:    ... okay on input line 18.
LaTeX Font Info:    Checking defaults for OT1/cmr/m/n on input line 18.
LaTeX Font Info:    ... okay on input line 18.
LaTeX Font Info:    Checking defaults for T1/cmr/m/n on input line 18.
LaTeX Font Info:    ... okay on input line 18.
LaTeX Font Info:    Checking defaults for TS1/cmr/m/n on input line 18.
LaTeX Font Info:    ... okay on input line 18.
LaTeX Font Info:    Checking defaults for OMX/cmex/m/n on input line 18.
LaTeX Font Info:    ... okay on input line 18.
LaTeX Font Info:    Checking defaults for U/cmr/m/n on input line 18.
LaTeX Font Info:    ... okay on input line 18.
 (/usr/local/texlive/2023/texmf-dist/tex/context/base/mkii/supp-pdf.mkii
[Loading MPS to PDF converter (version 2006.09.02).]
\scratchcounter=\count291
\scratchdimen=\dimen169
\scratchbox=\box104
\nofMPsegments=\count292
\nofMParguments=\count293
\everyMPshowfont=\toks29
\MPscratchCnt=\count294
\MPscratchDim=\dimen170
\MPnumerator=\count295
\makeMPintoPDFobject=\count296
\everyMPtoPDFconversion=\toks30
) (/usr/local/texlive/2023/texmf-dist/tex/latex/epstopdf-pkg/epstopdf-base.sty
Package: epstopdf-base 2020-01-24 v2.11 Base part for package epstopdf
Package epstopdf-base Info: Redefining graphics rule for `.eps' on input line 485.
 (/usr/local/texlive/2023/texmf-dist/tex/latex/latexconfig/epstopdf-sys.cfg
File: epstopdf-sys.cfg 2010/07/13 v1.3 Configuration of (r)epstopdf for TeX Live
)) (/usr/local/texlive/2023/texmf-dist/tex/latex/pdflscape/pdflscape.sty
Package: pdflscape 2022-10-27 v0.13 Display of landscape pages in PDF
 (/usr/local/texlive/2023/texmf-dist/tex/latex/pdflscape/pdflscape-nometadata.sty
Package: pdflscape-nometadata 2022-10-28 v0.13 Display of landscape pages in PDF (HO)
 (/usr/local/texlive/2023/texmf-dist/tex/generic/iftex/iftex.sty
Package: iftex 2022/02/03 v1.0f TeX engine tests
) (/usr/local/texlive/2023/texmf-dist/tex/latex/graphics/lscape.sty
Package: lscape 2020/05/28 v3.02 Landscape Pages (DPC)
)
Package pdflscape Info: Auto-detected driver: pdftex on input line 81.
))
LaTeX Font Info:    Trying to load font information for U+msa on input line 19.
 (/usr/local/texlive/2023/texmf-dist/tex/latex/amsfonts/umsa.fd
File: umsa.fd 2013/01/14 v3.01 AMS symbols A
)
LaTeX Font Info:    Trying to load font information for U+msb on input line 19.
 (/usr/local/texlive/2023/texmf-dist/tex/latex/amsfonts/umsb.fd
File: umsb.fd 2013/01/14 v3.01 AMS symbols B
)
Underfull \hbox (badness 10000) in paragraph at lines 27--28

 []


Overfull \hbox (4.5639pt too wide) in paragraph at lines 29--30
[]$\OT1/cmr/m/n/10 ([] \OMS/cmsy/m/n/10 ^^@ [] ^^@ \OML/cmm/m/it/10 t[][][]; [] \OMS/cmsy/m/n/10 ^^@ [] \OT1/cmr/m/n/10 + \OML/cmm/m/it/10 t[][][]\OT1/cmr/m/n/10 )$ 
 []

[1

{/usr/local/texlive/2023/texmf-var/fonts/map/pdftex/updmap/pdftex.map}] [2]
<StatistialTables.pdf, id=24, 597.23125pt x 845.1575pt>
File: StatistialTables.pdf Graphic file (type pdf)
<use StatistialTables.pdf>
Package pdftex.def Info: StatistialTables.pdf  used on input line 90.
(pdftex.def)             Requested size: 597.22978pt x 845.15544pt.
File: StatistialTables.pdf Graphic file (type pdf)
<use StatistialTables.pdf>
Package pdftex.def Info: StatistialTables.pdf  used on input line 90.
(pdftex.def)             Requested size: 597.22978pt x 845.15544pt.
<StatistialTables.pdf, id=27, page=1, 597.23125pt x 845.1575pt>
File: StatistialTables.pdf Graphic file (type pdf)
<use StatistialTables.pdf, page 1>
Package pdftex.def Info: StatistialTables.pdf , page1 used on input line 90.
(pdftex.def)             Requested size: 597.22978pt x 845.15544pt.
File: StatistialTables.pdf Graphic file (type pdf)
<use StatistialTables.pdf, page 1>
Package pdftex.def Info: StatistialTables.pdf , page1 used on input line 90.
(pdftex.def)             Requested size: 561.86221pt x 795.10587pt.
 [3]
File: StatistialTables.pdf Graphic file (type pdf)
<use StatistialTables.pdf, page 1>
Package pdftex.def Info: StatistialTables.pdf , page1 used on input line 90.
(pdftex.def)             Requested size: 561.86221pt x 795.10587pt.
File: StatistialTables.pdf Graphic file (type pdf)
<use StatistialTables.pdf, page 1>
Package pdftex.def Info: StatistialTables.pdf , page1 used on input line 90.
(pdftex.def)             Requested size: 561.86221pt x 795.10587pt.
File: StatistialTables.pdf Graphic file (type pdf)
<use StatistialTables.pdf, page 1>
Package pdftex.def Info: StatistialTables.pdf , page1 used on input line 90.
(pdftex.def)             Requested size: 561.86221pt x 795.10587pt.
 [4 <./StatistialTables.pdf>]
<StatistialTables.pdf, id=58, page=2, 597.23125pt x 845.1575pt>
File: StatistialTables.pdf Graphic file (type pdf)
<use StatistialTables.pdf, page 2>
Package pdftex.def Info: StatistialTables.pdf , page2 used on input line 90.
(pdftex.def)             Requested size: 561.86221pt x 795.10587pt.
File: StatistialTables.pdf Graphic file (type pdf)
<use StatistialTables.pdf, page 2>
Package pdftex.def Info: StatistialTables.pdf , page2 used on input line 90.
(pdftex.def)             Requested size: 561.86221pt x 795.10587pt.
File: StatistialTables.pdf Graphic file (type pdf)
<use StatistialTables.pdf, page 2>
Package pdftex.def Info: StatistialTables.pdf , page2 used on input line 90.
(pdftex.def)             Requested size: 561.86221pt x 795.10587pt.
 [5 <./StatistialTables.pdf>]
<StatistialTables.pdf, id=70, page=3, 597.23125pt x 845.1575pt>
File: StatistialTables.pdf Graphic file (type pdf)
<use StatistialTables.pdf, page 3>
Package pdftex.def Info: StatistialTables.pdf , page3 used on input line 90.
(pdftex.def)             Requested size: 561.86221pt x 795.10587pt.
File: StatistialTables.pdf Graphic file (type pdf)
<use StatistialTables.pdf, page 3>
Package pdftex.def Info: StatistialTables.pdf , page3 used on input line 90.
(pdftex.def)             Requested size: 561.86221pt x 795.10587pt.
File: StatistialTables.pdf Graphic file (type pdf)
<use StatistialTables.pdf, page 3>
Package pdftex.def Info: StatistialTables.pdf , page3 used on input line 90.
(pdftex.def)             Requested size: 561.86221pt x 795.10587pt.
 [6 <./StatistialTables.pdf>]
<StatistialTables.pdf, id=77, page=4, 597.23125pt x 845.1575pt>
File: StatistialTables.pdf Graphic file (type pdf)
<use StatistialTables.pdf, page 4>
Package pdftex.def Info: StatistialTables.pdf , page4 used on input line 90.
(pdftex.def)             Requested size: 561.86221pt x 795.10587pt.
File: StatistialTables.pdf Graphic file (type pdf)
<use StatistialTables.pdf, page 4>
Package pdftex.def Info: StatistialTables.pdf , page4 used on input line 90.
(pdftex.def)             Requested size: 561.86221pt x 795.10587pt.
File: StatistialTables.pdf Graphic file (type pdf)
<use StatistialTables.pdf, page 4>
Package pdftex.def Info: StatistialTables.pdf , page4 used on input line 90.
(pdftex.def)             Requested size: 561.86221pt x 795.10587pt.
 [7 <./StatistialTables.pdf>]
<StatistialTables.pdf, id=85, page=5, 597.23125pt x 845.1575pt>
File: StatistialTables.pdf Graphic file (type pdf)
<use StatistialTables.pdf, page 5>
Package pdftex.def Info: StatistialTables.pdf , page5 used on input line 90.
(pdftex.def)             Requested size: 561.86221pt x 795.10587pt.
File: StatistialTables.pdf Graphic file (type pdf)
<use StatistialTables.pdf, page 5>
Package pdftex.def Info: StatistialTables.pdf , page5 used on input line 90.
(pdftex.def)             Requested size: 561.86221pt x 795.10587pt.
File: StatistialTables.pdf Graphic file (type pdf)
<use StatistialTables.pdf, page 5>
Package pdftex.def Info: StatistialTables.pdf , page5 used on input line 90.
(pdftex.def)             Requested size: 561.86221pt x 795.10587pt.
 [8 <./StatistialTables.pdf>]
<StatistialTables.pdf, id=89, page=6, 597.23125pt x 845.1575pt>
File: StatistialTables.pdf Graphic file (type pdf)
<use StatistialTables.pdf, page 6>
Package pdftex.def Info: StatistialTables.pdf , page6 used on input line 90.
(pdftex.def)             Requested size: 561.86221pt x 795.10587pt.
File: StatistialTables.pdf Graphic file (type pdf)
<use StatistialTables.pdf, page 6>
Package pdftex.def Info: StatistialTables.pdf , page6 used on input line 90.
(pdftex.def)             Requested size: 561.86221pt x 795.10587pt.
File: StatistialTables.pdf Graphic file (type pdf)
<use StatistialTables.pdf, page 6>
Package pdftex.def Info: StatistialTables.pdf , page6 used on input line 90.
(pdftex.def)             Requested size: 561.86221pt x 795.10587pt.
 [9 <./StatistialTables.pdf>]
<StatistialTables.pdf, id=93, page=7, 597.23125pt x 845.1575pt>
File: StatistialTables.pdf Graphic file (type pdf)
<use StatistialTables.pdf, page 7>
Package pdftex.def Info: StatistialTables.pdf , page7 used on input line 90.
(pdftex.def)             Requested size: 561.86221pt x 795.10587pt.
File: StatistialTables.pdf Graphic file (type pdf)
<use StatistialTables.pdf, page 7>
Package pdftex.def Info: StatistialTables.pdf , page7 used on input line 90.
(pdftex.def)             Requested size: 561.86221pt x 795.10587pt.
File: StatistialTables.pdf Graphic file (type pdf)
<use StatistialTables.pdf, page 7>
Package pdftex.def Info: StatistialTables.pdf , page7 used on input line 90.
(pdftex.def)             Requested size: 561.86221pt x 795.10587pt.
 [10 <./StatistialTables.pdf>]
<StatistialTables.pdf, id=97, page=8, 597.23125pt x 845.1575pt>
File: StatistialTables.pdf Graphic file (type pdf)
<use StatistialTables.pdf, page 8>
Package pdftex.def Info: StatistialTables.pdf , page8 used on input line 90.
(pdftex.def)             Requested size: 561.86221pt x 795.10587pt.
File: StatistialTables.pdf Graphic file (type pdf)
<use StatistialTables.pdf, page 8>
Package pdftex.def Info: StatistialTables.pdf , page8 used on input line 90.
(pdftex.def)             Requested size: 561.86221pt x 795.10587pt.
File: StatistialTables.pdf Graphic file (type pdf)
<use StatistialTables.pdf, page 8>
Package pdftex.def Info: StatistialTables.pdf , page8 used on input line 90.
(pdftex.def)             Requested size: 561.86221pt x 795.10587pt.
 [11 <./StatistialTables.pdf>]
<StatistialTables.pdf, id=101, page=9, 597.23125pt x 845.1575pt>
File: StatistialTables.pdf Graphic file (type pdf)
<use StatistialTables.pdf, page 9>
Package pdftex.def Info: StatistialTables.pdf , page9 used on input line 90.
(pdftex.def)             Requested size: 561.86221pt x 795.10587pt.
File: StatistialTables.pdf Graphic file (type pdf)
<use StatistialTables.pdf, page 9>
Package pdftex.def Info: StatistialTables.pdf , page9 used on input line 90.
(pdftex.def)             Requested size: 561.86221pt x 795.10587pt.
File: StatistialTables.pdf Graphic file (type pdf)
<use StatistialTables.pdf, page 9>
Package pdftex.def Info: StatistialTables.pdf , page9 used on input line 90.
(pdftex.def)             Requested size: 561.86221pt x 795.10587pt.
 [12 <./StatistialTables.pdf>]
<StatistialTables.pdf, id=105, page=10, 597.23125pt x 845.1575pt>
File: StatistialTables.pdf Graphic file (type pdf)
<use StatistialTables.pdf, page 10>
Package pdftex.def Info: StatistialTables.pdf , page10 used on input line 90.
(pdftex.def)             Requested size: 561.86221pt x 795.10587pt.
File: StatistialTables.pdf Graphic file (type pdf)
<use StatistialTables.pdf, page 10>
Package pdftex.def Info: StatistialTables.pdf , page10 used on input line 90.
(pdftex.def)             Requested size: 561.86221pt x 795.10587pt.
File: StatistialTables.pdf Graphic file (type pdf)
<use StatistialTables.pdf, page 10>
Package pdftex.def Info: StatistialTables.pdf , page10 used on input line 90.
(pdftex.def)             Requested size: 561.86221pt x 795.10587pt.
 [13 <./StatistialTables.pdf>] (./Final_Exam_Formula_Sheet.aux) ) 
Here is how much of TeX's memory you used:
 4616 strings out of 476025
 72205 string characters out of 5790018
 1877388 words of memory out of 5000000
 25012 multiletter control sequences out of 15000+600000
 521704 words of font info for 69 fonts, out of 8000000 for 9000
 1141 hyphenation exceptions out of 8191
 69i,17n,75p,501b,431s stack positions out of 10000i,1000n,20000p,200000b,200000s
</usr/local/texlive/2023/texmf-dist/fonts/type1/public/amsfonts/cm/cmbx10.pfb></usr/local/texlive/2023/texmf-dist/fonts/type1/public/amsfonts/cm/cmbx12.pfb></usr/local/texlive/2023/texmf-dist/fonts/type1/public/amsfonts/cm/cmex10.pfb></usr/local/texlive/2023/texmf-dist/fonts/type1/public/amsfonts/cmextra/cmex7.pfb></usr/local/texlive/2023/texmf-dist/fonts/type1/public/amsfonts/cm/cmmi10.pfb></usr/local/texlive/2023/texmf-dist/fonts/type1/public/amsfonts/cm/cmmi12.pfb></usr/local/texlive/2023/texmf-dist/fonts/type1/public/amsfonts/cm/cmmi5.pfb></usr/local/texlive/2023/texmf-dist/fonts/type1/public/amsfonts/cm/cmmi7.pfb></usr/local/texlive/2023/texmf-dist/fonts/type1/public/amsfonts/cm/cmr10.pfb></usr/local/texlive/2023/texmf-dist/fonts/type1/public/amsfonts/cm/cmr12.pfb></usr/local/texlive/2023/texmf-dist/fonts/type1/public/amsfonts/cm/cmr5.pfb></usr/local/texlive/2023/texmf-dist/fonts/type1/public/amsfonts/cm/cmr7.pfb></usr/local/texlive/2023/texmf-dist/fonts/type1/public/amsfonts/cm/cmsy10.pfb></usr/local/texlive/2023/texmf-dist/fonts/type1/public/amsfonts/cm/cmsy5.pfb></usr/local/texlive/2023/texmf-dist/fonts/type1/public/amsfonts/cm/cmsy7.pfb>
Output written on Final_Exam_Formula_Sheet.pdf (13 pages, 395830 bytes).
PDF statistics:
 174 PDF objects out of 1000 (max. 8388607)
 102 compressed objects within 2 object streams
 0 named destinations out of 1000 (max. 500000)
 66 words of extra memory for PDF output out of 10000 (max. 10000000)

